*******************************************************************
*                            BEDIT v09112013                      *
*                            Forrest Bentley                      *
*******************************************************************
Can't Find Cmd File on line 1 of 
Command = []
call snap.bed 
 ^
  $Debug Command =[*]
    Debug find variable [date]
     string = [10/17/14]
    Debug find variable [time]
     string = [15:15:00]
    Debug find variable [lleft]
     integer= [0]
    Debug find variable [left]
     string = []
    Debug find variable [lmid]
     integer= [0]
    Debug find variable [mid]
     string = []
    Debug find variable [lright]
     integer= [0]
    Debug find variable [right]
     string = []
    Debug find variable [lmidright]
     integer= [0]
    Debug find variable [midright]
     string = []
    Debug find variable [llword]
     integer= [0]
    Debug find variable [lword]
     string = []
    Debug find variable [lrword]
     integer= [0]
    Debug find variable [rword]
     string = []
    Debug find variable [pcount]
     integer= [0]
STRING  line.......[]
STRING  left.......[]
STRING  mid........[]
STRING  right......[]
STRING  midright...[]
STRING  lword......[]
STRING  rword......[]
STRING  null.......[]
STRING  found......[]
STRING  partial1...[]
STRING  partial2...[]
STRING  functionkey[]
INTEGER pcount.....[0]
INTEGER lineno.....[0]
INTEGER lline......[0]
INTEGER lleft......[0]
INTEGER lmid.......[0]
INTEGER lright.....[0]
INTEGER lmidright..[0]
INTEGER llword.....[0]
INTEGER lrword.....[0]
INTEGER calllevel..[0]
STRING  message....[]
STRING  status.....[]
STRING  tab........[	]
STRING  date.......[10/17/14]
STRING  time.......[15:15:12]
*** OPEN FILES ***
